     1 00000000                                 [FORMAT "WCOFF"]
     2 00000000                                 [INSTRSET "i486p"]
     3 00000000                                 [OPTIMIZE 1]
     4 00000000                                 [OPTION 1]
     5 00000000                                 [BITS 32]
     6 00000000                                 	EXTERN	_table_rgb.0
     7 00000000                                 	EXTERN	_io_load_eflags
     8 00000000                                 	EXTERN	_io_cli
     9 00000000                                 	EXTERN	_io_out8
    10 00000000                                 	EXTERN	_io_store_eflags
    11 00000000                                 	EXTERN	_task_now
    12 00000000                                 	EXTERN	_hankaku
    13 00000000                                 [FILE "graphic.c"]
    14                                          [SECTION .data]
    15 00000000                                 _table_rgb.0:
    16 00000000 30                              	DB	48
    17 00000001 30                              	DB	48
    18 00000002 30                              	DB	48
    19 00000003 FF                              	DB	-1
    20 00000004 00                              	DB	0
    21 00000005 00                              	DB	0
    22 00000006 00                              	DB	0
    23 00000007 FF                              	DB	-1
    24 00000008 00                              	DB	0
    25 00000009 FF                              	DB	-1
    26 0000000A FF                              	DB	-1
    27 0000000B 00                              	DB	0
    28 0000000C 00                              	DB	0
    29 0000000D 00                              	DB	0
    30 0000000E FF                              	DB	-1
    31 0000000F FF                              	DB	-1
    32 00000010 00                              	DB	0
    33 00000011 FF                              	DB	-1
    34 00000012 00                              	DB	0
    35 00000013 FF                              	DB	-1
    36 00000014 FF                              	DB	-1
    37 00000015 FF                              	DB	-1
    38 00000016 FF                              	DB	-1
    39 00000017 FF                              	DB	-1
    40 00000018 CD                              	DB	-51
    41 00000019 CD                              	DB	-51
    42 0000001A C7                              	DB	-57
    43 0000001B 84                              	DB	-124
    44 0000001C 00                              	DB	0
    45 0000001D 00                              	DB	0
    46 0000001E 00                              	DB	0
    47 0000001F 84                              	DB	-124
    48 00000020 00                              	DB	0
    49 00000021 84                              	DB	-124
    50 00000022 84                              	DB	-124
    51 00000023 00                              	DB	0
    52 00000024 00                              	DB	0
    53 00000025 00                              	DB	0
    54 00000026 84                              	DB	-124
    55 00000027 84                              	DB	-124
    56 00000028 00                              	DB	0
    57 00000029 84                              	DB	-124
    58 0000002A 3A                              	DB	58
    59 0000002B 6E                              	DB	110
    60 0000002C A5                              	DB	-91
    61 0000002D 91                              	DB	-111
    62 0000002E 91                              	DB	-111
    63 0000002F 8B                              	DB	-117
    64                                          [SECTION .text]
    65 00000000                                 	GLOBAL	_init_palette
    66 00000000                                 _init_palette:
    67 00000000 55                              	PUSH	EBP
    68 00000001 89 E5                           	MOV	EBP,ESP
    69 00000003 57                              	PUSH	EDI
    70 00000004 56                              	PUSH	ESI
    71 00000005 53                              	PUSH	EBX
    72 00000006 81 EC 000002A4                  	SUB	ESP,676
    73 0000000C 68 [00000000]                   	PUSH	_table_rgb.0
    74 00000011 6A 0F                           	PUSH	15
    75 00000013 6A 00                           	PUSH	0
    76 00000015 E8 000000B4                     	CALL	_set_palette
    77 0000001A 83 C4 0C                        	ADD	ESP,12
    78 0000001D C7 85 FFFFFD60 00000000         	MOV	DWORD [-672+EBP],0
    79 00000027 C7 85 FFFFFD5C 00000000         	MOV	DWORD [-676+EBP],0
    80 00000031 C7 85 FFFFFD58 00000000         	MOV	DWORD [-680+EBP],0
    81 0000003B                                 L16:
    82 0000003B 31 FF                           	XOR	EDI,EDI
    83 0000003D 31 F6                           	XOR	ESI,ESI
    84 0000003F 31 DB                           	XOR	EBX,EBX
    85 00000041                                 L15:
    86 00000041 31 D2                           	XOR	EDX,EDX
    87 00000043 C7 85 FFFFFD50 00000000         	MOV	DWORD [-688+EBP],0
    88 0000004D                                 L14:
    89 0000004D 8B 85 FFFFFD58                  	MOV	EAX,DWORD [-680+EBP]
    90 00000053 8A 8D FFFFFD50                  	MOV	CL,BYTE [-688+EBP]
    91 00000059 01 D8                           	ADD	EAX,EBX
    92 0000005B 01 D0                           	ADD	EAX,EDX
    93 0000005D 42                              	INC	EDX
    94 0000005E 6B C0 03                        	IMUL	EAX,EAX,3
    95 00000061 88 8C 05 FFFFFD64               	MOV	BYTE [-668+EBP+EAX*1],CL
    96 00000068 89 F1                           	MOV	ECX,ESI
    97 0000006A 88 8C 05 FFFFFD65               	MOV	BYTE [-667+EBP+EAX*1],CL
    98 00000071 8A 8D FFFFFD5C                  	MOV	CL,BYTE [-676+EBP]
    99 00000077 88 8C 05 FFFFFD66               	MOV	BYTE [-666+EBP+EAX*1],CL
   100 0000007E 83 85 FFFFFD50 33               	ADD	DWORD [-688+EBP],51
   101 00000085 83 FA 05                        	CMP	EDX,5
   102 00000088 7E C3                           	JLE	L14
   103 0000008A 47                              	INC	EDI
   104 0000008B 83 C6 33                        	ADD	ESI,51
   105 0000008E 83 C3 06                        	ADD	EBX,6
   106 00000091 83 FF 05                        	CMP	EDI,5
   107 00000094 7E AB                           	JLE	L15
   108 00000096 FF 85 FFFFFD60                  	INC	DWORD [-672+EBP]
   109 0000009C 83 85 FFFFFD5C 33               	ADD	DWORD [-676+EBP],51
   110 000000A3 83 85 FFFFFD58 24               	ADD	DWORD [-680+EBP],36
   111 000000AA 83 BD FFFFFD60 05               	CMP	DWORD [-672+EBP],5
   112 000000B1 7E 88                           	JLE	L16
   113 000000B3 8D 85 FFFFFD64                  	LEA	EAX,DWORD [-668+EBP]
   114 000000B9 50                              	PUSH	EAX
   115 000000BA 68 000000E7                     	PUSH	231
   116 000000BF 6A 10                           	PUSH	16
   117 000000C1 E8 00000008                     	CALL	_set_palette
   118 000000C6 8D 65 F4                        	LEA	ESP,DWORD [-12+EBP]
   119 000000C9 5B                              	POP	EBX
   120 000000CA 5E                              	POP	ESI
   121 000000CB 5F                              	POP	EDI
   122 000000CC 5D                              	POP	EBP
   123 000000CD C3                              	RET
   124 000000CE                                 	GLOBAL	_set_palette
   125 000000CE                                 _set_palette:
   126 000000CE 55                              	PUSH	EBP
   127 000000CF 89 E5                           	MOV	EBP,ESP
   128 000000D1 57                              	PUSH	EDI
   129 000000D2 56                              	PUSH	ESI
   130 000000D3 53                              	PUSH	EBX
   131 000000D4 51                              	PUSH	ECX
   132 000000D5 8B 5D 08                        	MOV	EBX,DWORD [8+EBP]
   133 000000D8 8B 7D 0C                        	MOV	EDI,DWORD [12+EBP]
   134 000000DB 8B 75 10                        	MOV	ESI,DWORD [16+EBP]
   135 000000DE E8 [00000000]                   	CALL	_io_load_eflags
   136 000000E3 89 45 F0                        	MOV	DWORD [-16+EBP],EAX
   137 000000E6 E8 [00000000]                   	CALL	_io_cli
   138 000000EB 53                              	PUSH	EBX
   139 000000EC 68 000003C8                     	PUSH	968
   140 000000F1 E8 [00000000]                   	CALL	_io_out8
   141 000000F6 39 FB                           	CMP	EBX,EDI
   142 000000F8 58                              	POP	EAX
   143 000000F9 5A                              	POP	EDX
   144 000000FA 7E 12                           	JLE	L28
   145 000000FC                                 L30:
   146 000000FC 8B 45 F0                        	MOV	EAX,DWORD [-16+EBP]
   147 000000FF 89 45 08                        	MOV	DWORD [8+EBP],EAX
   148 00000102 8D 65 F4                        	LEA	ESP,DWORD [-12+EBP]
   149 00000105 5B                              	POP	EBX
   150 00000106 5E                              	POP	ESI
   151 00000107 5F                              	POP	EDI
   152 00000108 5D                              	POP	EBP
   153 00000109 E9 [00000000]                   	JMP	_io_store_eflags
   154 0000010E                                 L28:
   155 0000010E 8A 06                           	MOV	AL,BYTE [ESI]
   156 00000110 43                              	INC	EBX
   157 00000111 C0 E8 02                        	SHR	AL,2
   158 00000114 0F B6 C0                        	MOVZX	EAX,AL
   159 00000117 50                              	PUSH	EAX
   160 00000118 68 000003C9                     	PUSH	969
   161 0000011D E8 [00000000]                   	CALL	_io_out8
   162 00000122 8A 46 01                        	MOV	AL,BYTE [1+ESI]
   163 00000125 C0 E8 02                        	SHR	AL,2
   164 00000128 0F B6 C0                        	MOVZX	EAX,AL
   165 0000012B 50                              	PUSH	EAX
   166 0000012C 68 000003C9                     	PUSH	969
   167 00000131 E8 [00000000]                   	CALL	_io_out8
   168 00000136 8A 46 02                        	MOV	AL,BYTE [2+ESI]
   169 00000139 C0 E8 02                        	SHR	AL,2
   170 0000013C 83 C6 03                        	ADD	ESI,3
   171 0000013F 0F B6 C0                        	MOVZX	EAX,AL
   172 00000142 50                              	PUSH	EAX
   173 00000143 68 000003C9                     	PUSH	969
   174 00000148 E8 [00000000]                   	CALL	_io_out8
   175 0000014D 83 C4 18                        	ADD	ESP,24
   176 00000150 39 FB                           	CMP	EBX,EDI
   177 00000152 7E BA                           	JLE	L28
   178 00000154 EB A6                           	JMP	L30
   179 00000156                                 	GLOBAL	_boxfill8
   180 00000156                                 _boxfill8:
   181 00000156 55                              	PUSH	EBP
   182 00000157 89 E5                           	MOV	EBP,ESP
   183 00000159 57                              	PUSH	EDI
   184 0000015A 56                              	PUSH	ESI
   185 0000015B 53                              	PUSH	EBX
   186 0000015C 57                              	PUSH	EDI
   187 0000015D 57                              	PUSH	EDI
   188 0000015E 8A 45 10                        	MOV	AL,BYTE [16+EBP]
   189 00000161 8B 4D 18                        	MOV	ECX,DWORD [24+EBP]
   190 00000164 8B 7D 1C                        	MOV	EDI,DWORD [28+EBP]
   191 00000167 88 45 F3                        	MOV	BYTE [-13+EBP],AL
   192 0000016A 3B 4D 20                        	CMP	ECX,DWORD [32+EBP]
   193 0000016D 7F 31                           	JG	L43
   194 0000016F 8B 5D 0C                        	MOV	EBX,DWORD [12+EBP]
   195 00000172 0F AF D9                        	IMUL	EBX,ECX
   196 00000175                                 L41:
   197 00000175 8B 55 14                        	MOV	EDX,DWORD [20+EBP]
   198 00000178 39 FA                           	CMP	EDX,EDI
   199 0000017A 7F 1B                           	JG	L45
   200 0000017C 8B 75 08                        	MOV	ESI,DWORD [8+EBP]
   201 0000017F 01 DE                           	ADD	ESI,EBX
   202 00000181 01 D6                           	ADD	ESI,EDX
   203 00000183 89 75 EC                        	MOV	DWORD [-20+EBP],ESI
   204 00000186                                 L40:
   205 00000186 8B 75 EC                        	MOV	ESI,DWORD [-20+EBP]
   206 00000189 8A 45 F3                        	MOV	AL,BYTE [-13+EBP]
   207 0000018C 42                              	INC	EDX
   208 0000018D 88 06                           	MOV	BYTE [ESI],AL
   209 0000018F 46                              	INC	ESI
   210 00000190 89 75 EC                        	MOV	DWORD [-20+EBP],ESI
   211 00000193 39 FA                           	CMP	EDX,EDI
   212 00000195 7E EF                           	JLE	L40
   213 00000197                                 L45:
   214 00000197 41                              	INC	ECX
   215 00000198 03 5D 0C                        	ADD	EBX,DWORD [12+EBP]
   216 0000019B 3B 4D 20                        	CMP	ECX,DWORD [32+EBP]
   217 0000019E 7E D5                           	JLE	L41
   218 000001A0                                 L43:
   219 000001A0 5B                              	POP	EBX
   220 000001A1 5E                              	POP	ESI
   221 000001A2 5B                              	POP	EBX
   222 000001A3 5E                              	POP	ESI
   223 000001A4 5F                              	POP	EDI
   224 000001A5 5D                              	POP	EBP
   225 000001A6 C3                              	RET
   226 000001A7                                 	GLOBAL	_init_screen8
   227 000001A7                                 _init_screen8:
   228 000001A7 55                              	PUSH	EBP
   229 000001A8 89 E5                           	MOV	EBP,ESP
   230 000001AA 57                              	PUSH	EDI
   231 000001AB 56                              	PUSH	ESI
   232 000001AC 53                              	PUSH	EBX
   233 000001AD 83 EC 34                        	SUB	ESP,52
   234 000001B0 8B 45 10                        	MOV	EAX,DWORD [16+EBP]
   235 000001B3 83 E8 1D                        	SUB	EAX,29
   236 000001B6 50                              	PUSH	EAX
   237 000001B7 8B 45 0C                        	MOV	EAX,DWORD [12+EBP]
   238 000001BA 48                              	DEC	EAX
   239 000001BB 50                              	PUSH	EAX
   240 000001BC 89 45 F0                        	MOV	DWORD [-16+EBP],EAX
   241 000001BF 6A 00                           	PUSH	0
   242 000001C1 6A 00                           	PUSH	0
   243 000001C3 6A 0E                           	PUSH	14
   244 000001C5 FF 75 0C                        	PUSH	DWORD [12+EBP]
   245 000001C8 FF 75 08                        	PUSH	DWORD [8+EBP]
   246 000001CB E8 FFFFFF86                     	CALL	_boxfill8
   247 000001D0 8B 45 10                        	MOV	EAX,DWORD [16+EBP]
   248 000001D3 83 E8 1C                        	SUB	EAX,28
   249 000001D6 50                              	PUSH	EAX
   250 000001D7 FF 75 F0                        	PUSH	DWORD [-16+EBP]
   251 000001DA 50                              	PUSH	EAX
   252 000001DB 6A 00                           	PUSH	0
   253 000001DD 6A 00                           	PUSH	0
   254 000001DF FF 75 0C                        	PUSH	DWORD [12+EBP]
   255 000001E2 FF 75 08                        	PUSH	DWORD [8+EBP]
   256 000001E5 E8 FFFFFF6C                     	CALL	_boxfill8
   257 000001EA 8B 45 10                        	MOV	EAX,DWORD [16+EBP]
   258 000001ED 83 C4 38                        	ADD	ESP,56
   259 000001F0 83 E8 1B                        	SUB	EAX,27
   260 000001F3 89 45 EC                        	MOV	DWORD [-20+EBP],EAX
   261 000001F6 50                              	PUSH	EAX
   262 000001F7 FF 75 F0                        	PUSH	DWORD [-16+EBP]
   263 000001FA 50                              	PUSH	EAX
   264 000001FB 6A 00                           	PUSH	0
   265 000001FD 6A 07                           	PUSH	7
   266 000001FF FF 75 0C                        	PUSH	DWORD [12+EBP]
   267 00000202 FF 75 08                        	PUSH	DWORD [8+EBP]
   268 00000205 E8 FFFFFF4C                     	CALL	_boxfill8
   269 0000020A 8B 45 10                        	MOV	EAX,DWORD [16+EBP]
   270 0000020D 48                              	DEC	EAX
   271 0000020E 50                              	PUSH	EAX
   272 0000020F 8B 45 10                        	MOV	EAX,DWORD [16+EBP]
   273 00000212 FF 75 F0                        	PUSH	DWORD [-16+EBP]
   274 00000215 83 E8 1A                        	SUB	EAX,26
   275 00000218 50                              	PUSH	EAX
   276 00000219 6A 00                           	PUSH	0
   277 0000021B 6A 00                           	PUSH	0
   278 0000021D FF 75 0C                        	PUSH	DWORD [12+EBP]
   279 00000220 FF 75 08                        	PUSH	DWORD [8+EBP]
   280 00000223 E8 FFFFFF2E                     	CALL	_boxfill8
   281 00000228 8B 5D 10                        	MOV	EBX,DWORD [16+EBP]
   282 0000022B 83 C4 38                        	ADD	ESP,56
   283 0000022E 83 EB 18                        	SUB	EBX,24
   284 00000231 53                              	PUSH	EBX
   285 00000232 6A 3B                           	PUSH	59
   286 00000234 53                              	PUSH	EBX
   287 00000235 6A 03                           	PUSH	3
   288 00000237 6A 07                           	PUSH	7
   289 00000239 FF 75 0C                        	PUSH	DWORD [12+EBP]
   290 0000023C FF 75 08                        	PUSH	DWORD [8+EBP]
   291 0000023F E8 FFFFFF12                     	CALL	_boxfill8
   292 00000244 8B 45 10                        	MOV	EAX,DWORD [16+EBP]
   293 00000247 83 E8 04                        	SUB	EAX,4
   294 0000024A 50                              	PUSH	EAX
   295 0000024B 89 45 E8                        	MOV	DWORD [-24+EBP],EAX
   296 0000024E 6A 02                           	PUSH	2
   297 00000250 53                              	PUSH	EBX
   298 00000251 6A 02                           	PUSH	2
   299 00000253 6A 07                           	PUSH	7
   300 00000255 FF 75 0C                        	PUSH	DWORD [12+EBP]
   301 00000258 FF 75 08                        	PUSH	DWORD [8+EBP]
   302 0000025B E8 FFFFFEF6                     	CALL	_boxfill8
   303 00000260 83 C4 38                        	ADD	ESP,56
   304 00000263 FF 75 E8                        	PUSH	DWORD [-24+EBP]
   305 00000266 6A 3B                           	PUSH	59
   306 00000268 FF 75 E8                        	PUSH	DWORD [-24+EBP]
   307 0000026B 6A 03                           	PUSH	3
   308 0000026D 6A 0F                           	PUSH	15
   309 0000026F FF 75 0C                        	PUSH	DWORD [12+EBP]
   310 00000272 FF 75 08                        	PUSH	DWORD [8+EBP]
   311 00000275 E8 FFFFFEDC                     	CALL	_boxfill8
   312 0000027A 8B 45 10                        	MOV	EAX,DWORD [16+EBP]
   313 0000027D 83 E8 05                        	SUB	EAX,5
   314 00000280 50                              	PUSH	EAX
   315 00000281 8B 45 10                        	MOV	EAX,DWORD [16+EBP]
   316 00000284 6A 3B                           	PUSH	59
   317 00000286 83 E8 17                        	SUB	EAX,23
   318 00000289 50                              	PUSH	EAX
   319 0000028A 89 45 E4                        	MOV	DWORD [-28+EBP],EAX
   320 0000028D 6A 3B                           	PUSH	59
   321 0000028F 6A 0F                           	PUSH	15
   322 00000291 FF 75 0C                        	PUSH	DWORD [12+EBP]
   323 00000294 FF 75 08                        	PUSH	DWORD [8+EBP]
   324 00000297 E8 FFFFFEBA                     	CALL	_boxfill8
   325 0000029C 8B 7D 10                        	MOV	EDI,DWORD [16+EBP]
   326 0000029F 83 C4 38                        	ADD	ESP,56
   327 000002A2 83 EF 03                        	SUB	EDI,3
   328 000002A5 57                              	PUSH	EDI
   329 000002A6 6A 3B                           	PUSH	59
   330 000002A8 57                              	PUSH	EDI
   331 000002A9 6A 02                           	PUSH	2
   332 000002AB 6A 00                           	PUSH	0
   333 000002AD FF 75 0C                        	PUSH	DWORD [12+EBP]
   334 000002B0 FF 75 08                        	PUSH	DWORD [8+EBP]
   335 000002B3 E8 FFFFFE9E                     	CALL	_boxfill8
   336 000002B8 57                              	PUSH	EDI
   337 000002B9 6A 3C                           	PUSH	60
   338 000002BB 53                              	PUSH	EBX
   339 000002BC 6A 3C                           	PUSH	60
   340 000002BE 6A 00                           	PUSH	0
   341 000002C0 FF 75 0C                        	PUSH	DWORD [12+EBP]
   342 000002C3 FF 75 08                        	PUSH	DWORD [8+EBP]
   343 000002C6 E8 FFFFFE8B                     	CALL	_boxfill8
   344 000002CB 8B 45 0C                        	MOV	EAX,DWORD [12+EBP]
   345 000002CE 83 C4 38                        	ADD	ESP,56
   346 000002D1 83 E8 04                        	SUB	EAX,4
   347 000002D4 89 45 E0                        	MOV	DWORD [-32+EBP],EAX
   348 000002D7 53                              	PUSH	EBX
   349 000002D8 50                              	PUSH	EAX
   350 000002D9 8B 45 0C                        	MOV	EAX,DWORD [12+EBP]
   351 000002DC 53                              	PUSH	EBX
   352 000002DD 83 E8 2F                        	SUB	EAX,47
   353 000002E0 50                              	PUSH	EAX
   354 000002E1 89 45 DC                        	MOV	DWORD [-36+EBP],EAX
   355 000002E4 6A 0F                           	PUSH	15
   356 000002E6 FF 75 0C                        	PUSH	DWORD [12+EBP]
   357 000002E9 FF 75 08                        	PUSH	DWORD [8+EBP]
   358 000002EC E8 FFFFFE65                     	CALL	_boxfill8
   359 000002F1 FF 75 E8                        	PUSH	DWORD [-24+EBP]
   360 000002F4 FF 75 DC                        	PUSH	DWORD [-36+EBP]
   361 000002F7 FF 75 E4                        	PUSH	DWORD [-28+EBP]
   362 000002FA FF 75 DC                        	PUSH	DWORD [-36+EBP]
   363 000002FD 6A 0F                           	PUSH	15
   364 000002FF FF 75 0C                        	PUSH	DWORD [12+EBP]
   365 00000302 FF 75 08                        	PUSH	DWORD [8+EBP]
   366 00000305 E8 FFFFFE4C                     	CALL	_boxfill8
   367 0000030A 83 C4 38                        	ADD	ESP,56
   368 0000030D 57                              	PUSH	EDI
   369 0000030E FF 75 E0                        	PUSH	DWORD [-32+EBP]
   370 00000311 57                              	PUSH	EDI
   371 00000312 FF 75 DC                        	PUSH	DWORD [-36+EBP]
   372 00000315 6A 07                           	PUSH	7
   373 00000317 FF 75 0C                        	PUSH	DWORD [12+EBP]
   374 0000031A FF 75 08                        	PUSH	DWORD [8+EBP]
   375 0000031D E8 FFFFFE34                     	CALL	_boxfill8
   376 00000322 8B 45 0C                        	MOV	EAX,DWORD [12+EBP]
   377 00000325 57                              	PUSH	EDI
   378 00000326 83 E8 03                        	SUB	EAX,3
   379 00000329 50                              	PUSH	EAX
   380 0000032A 53                              	PUSH	EBX
   381 0000032B 50                              	PUSH	EAX
   382 0000032C 6A 07                           	PUSH	7
   383 0000032E FF 75 0C                        	PUSH	DWORD [12+EBP]
   384 00000331 FF 75 08                        	PUSH	DWORD [8+EBP]
   385 00000334 E8 FFFFFE1D                     	CALL	_boxfill8
   386 00000339 8B 45 10                        	MOV	EAX,DWORD [16+EBP]
   387 0000033C 83 C4 38                        	ADD	ESP,56
   388 0000033F 2D 0000028A                     	SUB	EAX,650
   389 00000344 50                              	PUSH	EAX
   390 00000345 8B 45 0C                        	MOV	EAX,DWORD [12+EBP]
   391 00000348 2D 00000361                     	SUB	EAX,865
   392 0000034D 50                              	PUSH	EAX
   393 0000034E 8B 45 10                        	MOV	EAX,DWORD [16+EBP]
   394 00000351 2D 000002EE                     	SUB	EAX,750
   395 00000356 50                              	PUSH	EAX
   396 00000357 8B 45 0C                        	MOV	EAX,DWORD [12+EBP]
   397 0000035A 2D 000003ED                     	SUB	EAX,1005
   398 0000035F 50                              	PUSH	EAX
   399 00000360 6A 07                           	PUSH	7
   400 00000362 FF 75 0C                        	PUSH	DWORD [12+EBP]
   401 00000365 FF 75 08                        	PUSH	DWORD [8+EBP]
   402 00000368 E8 FFFFFDE9                     	CALL	_boxfill8
   403 0000036D 8B 45 10                        	MOV	EAX,DWORD [16+EBP]
   404 00000370 2D 00000299                     	SUB	EAX,665
   405 00000375 50                              	PUSH	EAX
   406 00000376 8B 45 0C                        	MOV	EAX,DWORD [12+EBP]
   407 00000379 2D 00000370                     	SUB	EAX,880
   408 0000037E 50                              	PUSH	EAX
   409 0000037F 8B 45 10                        	MOV	EAX,DWORD [16+EBP]
   410 00000382 2D 000002E4                     	SUB	EAX,740
   411 00000387 50                              	PUSH	EAX
   412 00000388 8B 45 0C                        	MOV	EAX,DWORD [12+EBP]
   413 0000038B 2D 000003DE                     	SUB	EAX,990
   414 00000390 50                              	PUSH	EAX
   415 00000391 6A 00                           	PUSH	0
   416 00000393 FF 75 0C                        	PUSH	DWORD [12+EBP]
   417 00000396 FF 75 08                        	PUSH	DWORD [8+EBP]
   418 00000399 E8 FFFFFDB8                     	CALL	_boxfill8
   419 0000039E 8B 75 10                        	MOV	ESI,DWORD [16+EBP]
   420 000003A1 83 C4 38                        	ADD	ESP,56
   421 000003A4 8B 45 0C                        	MOV	EAX,DWORD [12+EBP]
   422 000003A7 FF 75 EC                        	PUSH	DWORD [-20+EBP]
   423 000003AA 2D 00000320                     	SUB	EAX,800
   424 000003AF 81 EE 000001F4                  	SUB	ESI,500
   425 000003B5 50                              	PUSH	EAX
   426 000003B6 8B 45 0C                        	MOV	EAX,DWORD [12+EBP]
   427 000003B9 56                              	PUSH	ESI
   428 000003BA 2D 00000400                     	SUB	EAX,1024
   429 000003BF 50                              	PUSH	EAX
   430 000003C0 89 45 D8                        	MOV	DWORD [-40+EBP],EAX
   431 000003C3 6A 08                           	PUSH	8
   432 000003C5 FF 75 0C                        	PUSH	DWORD [12+EBP]
   433 000003C8 FF 75 08                        	PUSH	DWORD [8+EBP]
   434 000003CB E8 FFFFFD86                     	CALL	_boxfill8
   435 000003D0 8B 45 0C                        	MOV	EAX,DWORD [12+EBP]
   436 000003D3 FF 75 EC                        	PUSH	DWORD [-20+EBP]
   437 000003D6 2D 000003E8                     	SUB	EAX,1000
   438 000003DB 50                              	PUSH	EAX
   439 000003DC 56                              	PUSH	ESI
   440 000003DD FF 75 D8                        	PUSH	DWORD [-40+EBP]
   441 000003E0 6A 0C                           	PUSH	12
   442 000003E2 FF 75 0C                        	PUSH	DWORD [12+EBP]
   443 000003E5 FF 75 08                        	PUSH	DWORD [8+EBP]
   444 000003E8 E8 FFFFFD69                     	CALL	_boxfill8
   445 000003ED 8B 45 10                        	MOV	EAX,DWORD [16+EBP]
   446 000003F0 83 C4 38                        	ADD	ESP,56
   447 000003F3 83 E8 78                        	SUB	EAX,120
   448 000003F6 50                              	PUSH	EAX
   449 000003F7 8B 45 0C                        	MOV	EAX,DWORD [12+EBP]
   450 000003FA 83 E8 78                        	SUB	EAX,120
   451 000003FD 50                              	PUSH	EAX
   452 000003FE 89 45 D4                        	MOV	DWORD [-44+EBP],EAX
   453 00000401 8B 45 10                        	MOV	EAX,DWORD [16+EBP]
   454 00000404 2D 00000140                     	SUB	EAX,320
   455 00000409 50                              	PUSH	EAX
   456 0000040A 8B 45 0C                        	MOV	EAX,DWORD [12+EBP]
   457 0000040D 2D 00000140                     	SUB	EAX,320
   458 00000412 50                              	PUSH	EAX
   459 00000413 89 45 D0                        	MOV	DWORD [-48+EBP],EAX
   460 00000416 6A 06                           	PUSH	6
   461 00000418 FF 75 0C                        	PUSH	DWORD [12+EBP]
   462 0000041B FF 75 08                        	PUSH	DWORD [8+EBP]
   463 0000041E E8 FFFFFD33                     	CALL	_boxfill8
   464 00000423 8B 45 10                        	MOV	EAX,DWORD [16+EBP]
   465 00000426 2D 000000C8                     	SUB	EAX,200
   466 0000042B 50                              	PUSH	EAX
   467 0000042C 8B 45 0C                        	MOV	EAX,DWORD [12+EBP]
   468 0000042F 2D 000000C8                     	SUB	EAX,200
   469 00000434 50                              	PUSH	EAX
   470 00000435 89 45 CC                        	MOV	DWORD [-52+EBP],EAX
   471 00000438 8B 45 10                        	MOV	EAX,DWORD [16+EBP]
   472 0000043B 2D 00000190                     	SUB	EAX,400
   473 00000440 50                              	PUSH	EAX
   474 00000441 89 45 C8                        	MOV	DWORD [-56+EBP],EAX
   475 00000444 8B 45 0C                        	MOV	EAX,DWORD [12+EBP]
   476 00000447 2D 00000190                     	SUB	EAX,400
   477 0000044C 50                              	PUSH	EAX
   478 0000044D 89 45 C4                        	MOV	DWORD [-60+EBP],EAX
   479 00000450 6A 02                           	PUSH	2
   480 00000452 FF 75 0C                        	PUSH	DWORD [12+EBP]
   481 00000455 FF 75 08                        	PUSH	DWORD [8+EBP]
   482 00000458 E8 FFFFFCF9                     	CALL	_boxfill8
   483 0000045D 8B 45 10                        	MOV	EAX,DWORD [16+EBP]
   484 00000460 83 C4 38                        	ADD	ESP,56
   485 00000463 2D 00000118                     	SUB	EAX,280
   486 00000468 50                              	PUSH	EAX
   487 00000469 8B 45 0C                        	MOV	EAX,DWORD [12+EBP]
   488 0000046C 2D 00000118                     	SUB	EAX,280
   489 00000471 50                              	PUSH	EAX
   490 00000472 8B 45 10                        	MOV	EAX,DWORD [16+EBP]
   491 00000475 2D 000001E0                     	SUB	EAX,480
   492 0000047A 50                              	PUSH	EAX
   493 0000047B 8B 45 0C                        	MOV	EAX,DWORD [12+EBP]
   494 0000047E 2D 000001E0                     	SUB	EAX,480
   495 00000483 50                              	PUSH	EAX
   496 00000484 6A 03                           	PUSH	3
   497 00000486 FF 75 0C                        	PUSH	DWORD [12+EBP]
   498 00000489 FF 75 08                        	PUSH	DWORD [8+EBP]
   499 0000048C E8 FFFFFCC5                     	CALL	_boxfill8
   500 00000491 8B 45 10                        	MOV	EAX,DWORD [16+EBP]
   501 00000494 2D 000001B8                     	SUB	EAX,440
   502 00000499 50                              	PUSH	EAX
   503 0000049A 8B 45 10                        	MOV	EAX,DWORD [16+EBP]
   504 0000049D FF 75 CC                        	PUSH	DWORD [-52+EBP]
   505 000004A0 2D 00000280                     	SUB	EAX,640
   506 000004A5 50                              	PUSH	EAX
   507 000004A6 FF 75 C4                        	PUSH	DWORD [-60+EBP]
   508 000004A9 6A 04                           	PUSH	4
   509 000004AB FF 75 0C                        	PUSH	DWORD [12+EBP]
   510 000004AE FF 75 08                        	PUSH	DWORD [8+EBP]
   511 000004B1 E8 FFFFFCA0                     	CALL	_boxfill8
   512 000004B6 8B 45 10                        	MOV	EAX,DWORD [16+EBP]
   513 000004B9 83 C4 38                        	ADD	ESP,56
   514 000004BC 2D 00000208                     	SUB	EAX,520
   515 000004C1 50                              	PUSH	EAX
   516 000004C2 8B 45 10                        	MOV	EAX,DWORD [16+EBP]
   517 000004C5 FF 75 D4                        	PUSH	DWORD [-44+EBP]
   518 000004C8 2D 000002D0                     	SUB	EAX,720
   519 000004CD 50                              	PUSH	EAX
   520 000004CE FF 75 D0                        	PUSH	DWORD [-48+EBP]
   521 000004D1 6A 05                           	PUSH	5
   522 000004D3 FF 75 0C                        	PUSH	DWORD [12+EBP]
   523 000004D6 FF 75 08                        	PUSH	DWORD [8+EBP]
   524 000004D9 E8 FFFFFC78                     	CALL	_boxfill8
   525 000004DE 8B 45 0C                        	MOV	EAX,DWORD [12+EBP]
   526 000004E1 FF 75 C8                        	PUSH	DWORD [-56+EBP]
   527 000004E4 2D 000001A4                     	SUB	EAX,420
   528 000004E9 50                              	PUSH	EAX
   529 000004EA 8B 45 10                        	MOV	EAX,DWORD [16+EBP]
   530 000004ED 2D 00000258                     	SUB	EAX,600
   531 000004F2 50                              	PUSH	EAX
   532 000004F3 8B 45 0C                        	MOV	EAX,DWORD [12+EBP]
   533 000004F6 2D 0000026C                     	SUB	EAX,620
   534 000004FB 50                              	PUSH	EAX
   535 000004FC 6A 07                           	PUSH	7
   536 000004FE FF 75 0C                        	PUSH	DWORD [12+EBP]
   537 00000501 FF 75 08                        	PUSH	DWORD [8+EBP]
   538 00000504 E8 FFFFFC4D                     	CALL	_boxfill8
   539 00000509 8D 65 F4                        	LEA	ESP,DWORD [-12+EBP]
   540 0000050C 5B                              	POP	EBX
   541 0000050D 5E                              	POP	ESI
   542 0000050E 5F                              	POP	EDI
   543 0000050F 5D                              	POP	EBP
   544 00000510 C3                              	RET
   545 00000511                                 	GLOBAL	_putfont8
   546 00000511                                 _putfont8:
   547 00000511 55                              	PUSH	EBP
   548 00000512 89 E5                           	MOV	EBP,ESP
   549 00000514 57                              	PUSH	EDI
   550 00000515 56                              	PUSH	ESI
   551 00000516 31 F6                           	XOR	ESI,ESI
   552 00000518 53                              	PUSH	EBX
   553 00000519 8B 7D 1C                        	MOV	EDI,DWORD [28+EBP]
   554 0000051C 8A 5D 18                        	MOV	BL,BYTE [24+EBP]
   555 0000051F                                 L60:
   556 0000051F 8B 45 14                        	MOV	EAX,DWORD [20+EBP]
   557 00000522 8B 55 10                        	MOV	EDX,DWORD [16+EBP]
   558 00000525 01 F0                           	ADD	EAX,ESI
   559 00000527 0F AF 45 0C                     	IMUL	EAX,DWORD [12+EBP]
   560 0000052B 03 45 08                        	ADD	EAX,DWORD [8+EBP]
   561 0000052E 8D 0C 02                        	LEA	ECX,DWORD [EDX+EAX*1]
   562 00000531 8A 14 3E                        	MOV	DL,BYTE [ESI+EDI*1]
   563 00000534 84 D2                           	TEST	DL,DL
   564 00000536 79 02                           	JNS	L52
   565 00000538 88 19                           	MOV	BYTE [ECX],BL
   566 0000053A                                 L52:
   567 0000053A 88 D0                           	MOV	AL,DL
   568 0000053C 83 E0 40                        	AND	EAX,64
   569 0000053F 84 C0                           	TEST	AL,AL
   570 00000541 74 03                           	JE	L53
   571 00000543 88 59 01                        	MOV	BYTE [1+ECX],BL
   572 00000546                                 L53:
   573 00000546 88 D0                           	MOV	AL,DL
   574 00000548 83 E0 20                        	AND	EAX,32
   575 0000054B 84 C0                           	TEST	AL,AL
   576 0000054D 74 03                           	JE	L54
   577 0000054F 88 59 02                        	MOV	BYTE [2+ECX],BL
   578 00000552                                 L54:
   579 00000552 88 D0                           	MOV	AL,DL
   580 00000554 83 E0 10                        	AND	EAX,16
   581 00000557 84 C0                           	TEST	AL,AL
   582 00000559 74 03                           	JE	L55
   583 0000055B 88 59 03                        	MOV	BYTE [3+ECX],BL
   584 0000055E                                 L55:
   585 0000055E 88 D0                           	MOV	AL,DL
   586 00000560 83 E0 08                        	AND	EAX,8
   587 00000563 84 C0                           	TEST	AL,AL
   588 00000565 74 03                           	JE	L56
   589 00000567 88 59 04                        	MOV	BYTE [4+ECX],BL
   590 0000056A                                 L56:
   591 0000056A 88 D0                           	MOV	AL,DL
   592 0000056C 83 E0 04                        	AND	EAX,4
   593 0000056F 84 C0                           	TEST	AL,AL
   594 00000571 74 03                           	JE	L57
   595 00000573 88 59 05                        	MOV	BYTE [5+ECX],BL
   596 00000576                                 L57:
   597 00000576 88 D0                           	MOV	AL,DL
   598 00000578 83 E0 02                        	AND	EAX,2
   599 0000057B 84 C0                           	TEST	AL,AL
   600 0000057D 74 03                           	JE	L58
   601 0000057F 88 59 06                        	MOV	BYTE [6+ECX],BL
   602 00000582                                 L58:
   603 00000582 83 E2 01                        	AND	EDX,1
   604 00000585 84 D2                           	TEST	DL,DL
   605 00000587 74 03                           	JE	L50
   606 00000589 88 59 07                        	MOV	BYTE [7+ECX],BL
   607 0000058C                                 L50:
   608 0000058C 46                              	INC	ESI
   609 0000058D 83 FE 0F                        	CMP	ESI,15
   610 00000590 7E 8D                           	JLE	L60
   611 00000592 5B                              	POP	EBX
   612 00000593 5E                              	POP	ESI
   613 00000594 5F                              	POP	EDI
   614 00000595 5D                              	POP	EBP
   615 00000596 C3                              	RET
   616 00000597                                 	GLOBAL	_putfonts8_asc
   617 00000597                                 _putfonts8_asc:
   618 00000597 55                              	PUSH	EBP
   619 00000598 89 E5                           	MOV	EBP,ESP
   620 0000059A 57                              	PUSH	EDI
   621 0000059B 56                              	PUSH	ESI
   622 0000059C 53                              	PUSH	EBX
   623 0000059D 83 EC 0C                        	SUB	ESP,12
   624 000005A0 8A 45 18                        	MOV	AL,BYTE [24+EBP]
   625 000005A3 8B 7D 1C                        	MOV	EDI,DWORD [28+EBP]
   626 000005A6 88 45 F3                        	MOV	BYTE [-13+EBP],AL
   627 000005A9 E8 [00000000]                   	CALL	_task_now
   628 000005AE 8B 15 00000FE8                  	MOV	EDX,DWORD [4072]
   629 000005B4 89 45 EC                        	MOV	DWORD [-20+EBP],EAX
   630 000005B7 89 55 E8                        	MOV	DWORD [-24+EBP],EDX
   631 000005BA 80 B8 000000BC 00               	CMP	BYTE [188+EAX],0
   632 000005C1 75 09                           	JNE	L64
   633 000005C3 80 3F 00                        	CMP	BYTE [EDI],0
   634 000005C6 0F 85 000001E2                  	JNE	L69
   635 000005CC                                 L64:
   636 000005CC 8B 45 EC                        	MOV	EAX,DWORD [-20+EBP]
   637 000005CF 80 B8 000000BC 01               	CMP	BYTE [188+EAX],1
   638 000005D6 0F 84 000000CB                  	JE	L100
   639 000005DC                                 L70:
   640 000005DC 8B 45 EC                        	MOV	EAX,DWORD [-20+EBP]
   641 000005DF 80 B8 000000BC 02               	CMP	BYTE [188+EAX],2
   642 000005E6 74 08                           	JE	L101
   643 000005E8                                 L63:
   644 000005E8 8D 65 F4                        	LEA	ESP,DWORD [-12+EBP]
   645 000005EB 5B                              	POP	EBX
   646 000005EC 5E                              	POP	ESI
   647 000005ED 5F                              	POP	EDI
   648 000005EE 5D                              	POP	EBP
   649 000005EF C3                              	RET
   650 000005F0                                 L101:
   651 000005F0 80 3F 00                        	CMP	BYTE [EDI],0
   652 000005F3 74 F3                           	JE	L63
   653 000005F5                                 L96:
   654 000005F5 8B 55 EC                        	MOV	EDX,DWORD [-20+EBP]
   655 000005F8 8A 82 000000BD                  	MOV	AL,BYTE [189+EDX]
   656 000005FE 84 C0                           	TEST	AL,AL
   657 00000600 75 43                           	JNE	L92
   658 00000602 8A 17                           	MOV	DL,BYTE [EDI]
   659 00000604 8D 42 7F                        	LEA	EAX,DWORD [127+EDX]
   660 00000607 3C 7D                           	CMP	AL,125
   661 00000609 77 15                           	JA	L93
   662 0000060B 8B 45 EC                        	MOV	EAX,DWORD [-20+EBP]
   663 0000060E 88 90 000000BD                  	MOV	BYTE [189+EAX],DL
   664 00000614                                 L95:
   665 00000614 83 45 10 08                     	ADD	DWORD [16+EBP],8
   666 00000618 47                              	INC	EDI
   667 00000619 80 3F 00                        	CMP	BYTE [EDI],0
   668 0000061C 75 D7                           	JNE	L96
   669 0000061E EB C8                           	JMP	L63
   670 00000620                                 L93:
   671 00000620 0F B6 C2                        	MOVZX	EAX,DL
   672 00000623 C1 E0 04                        	SAL	EAX,4
   673 00000626 03 45 E8                        	ADD	EAX,DWORD [-24+EBP]
   674 00000629 50                              	PUSH	EAX
   675 0000062A 0F BE 45 F3                     	MOVSX	EAX,BYTE [-13+EBP]
   676 0000062E 50                              	PUSH	EAX
   677 0000062F FF 75 14                        	PUSH	DWORD [20+EBP]
   678 00000632 FF 75 10                        	PUSH	DWORD [16+EBP]
   679 00000635 FF 75 0C                        	PUSH	DWORD [12+EBP]
   680 00000638 FF 75 08                        	PUSH	DWORD [8+EBP]
   681 0000063B E8 FFFFFED1                     	CALL	_putfont8
   682 00000640 83 C4 18                        	ADD	ESP,24
   683 00000643 EB CF                           	JMP	L95
   684 00000645                                 L92:
   685 00000645 0F B6 D8                        	MOVZX	EBX,AL
   686 00000648 6B DB 5E                        	IMUL	EBX,EBX,94
   687 0000064B 0F B6 07                        	MOVZX	EAX,BYTE [EDI]
   688 0000064E 8B 55 EC                        	MOV	EDX,DWORD [-20+EBP]
   689 00000651 8D 9C 18 FFFFC441               	LEA	EBX,DWORD [-15295+EAX+EBX*1]
   690 00000658 C6 82 000000BD 00               	MOV	BYTE [189+EDX],0
   691 0000065F C1 E3 05                        	SAL	EBX,5
   692 00000662 03 5D E8                        	ADD	EBX,DWORD [-24+EBP]
   693 00000665 0F BE 75 F3                     	MOVSX	ESI,BYTE [-13+EBP]
   694 00000669 8D 83 00001000                  	LEA	EAX,DWORD [4096+EBX]
   695 0000066F 81 C3 00001010                  	ADD	EBX,4112
   696 00000675 50                              	PUSH	EAX
   697 00000676 8B 45 10                        	MOV	EAX,DWORD [16+EBP]
   698 00000679 56                              	PUSH	ESI
   699 0000067A 83 E8 08                        	SUB	EAX,8
   700 0000067D FF 75 14                        	PUSH	DWORD [20+EBP]
   701 00000680 50                              	PUSH	EAX
   702 00000681 FF 75 0C                        	PUSH	DWORD [12+EBP]
   703 00000684 FF 75 08                        	PUSH	DWORD [8+EBP]
   704 00000687 E8 FFFFFE85                     	CALL	_putfont8
   705 0000068C 53                              	PUSH	EBX
   706 0000068D 56                              	PUSH	ESI
   707 0000068E FF 75 14                        	PUSH	DWORD [20+EBP]
   708 00000691 FF 75 10                        	PUSH	DWORD [16+EBP]
   709 00000694 FF 75 0C                        	PUSH	DWORD [12+EBP]
   710 00000697 FF 75 08                        	PUSH	DWORD [8+EBP]
   711 0000069A E8 FFFFFE72                     	CALL	_putfont8
   712 0000069F 83 C4 30                        	ADD	ESP,48
   713 000006A2 E9 FFFFFF6D                     	JMP	L95
   714 000006A7                                 L100:
   715 000006A7 80 3F 00                        	CMP	BYTE [EDI],0
   716 000006AA 0F 84 FFFFFF2C                  	JE	L70
   717 000006B0                                 L86:
   718 000006B0 8B 45 EC                        	MOV	EAX,DWORD [-20+EBP]
   719 000006B3 8A 90 000000BD                  	MOV	DL,BYTE [189+EAX]
   720 000006B9 84 D2                           	TEST	DL,DL
   721 000006BB 75 4D                           	JNE	L75
   722 000006BD 8A 17                           	MOV	DL,BYTE [EDI]
   723 000006BF 8D 42 7F                        	LEA	EAX,DWORD [127+EDX]
   724 000006C2 3C 1E                           	CMP	AL,30
   725 000006C4 76 07                           	JBE	L77
   726 000006C6 8D 42 20                        	LEA	EAX,DWORD [32+EDX]
   727 000006C9 3C 1C                           	CMP	AL,28
   728 000006CB 77 18                           	JA	L76
   729 000006CD                                 L77:
   730 000006CD 8B 45 EC                        	MOV	EAX,DWORD [-20+EBP]
   731 000006D0 88 90 000000BD                  	MOV	BYTE [189+EAX],DL
   732 000006D6                                 L79:
   733 000006D6 83 45 10 08                     	ADD	DWORD [16+EBP],8
   734 000006DA 47                              	INC	EDI
   735 000006DB 80 3F 00                        	CMP	BYTE [EDI],0
   736 000006DE 75 D0                           	JNE	L86
   737 000006E0 E9 FFFFFEF7                     	JMP	L70
   738 000006E5                                 L76:
   739 000006E5 0F B6 C2                        	MOVZX	EAX,DL
   740 000006E8 C1 E0 04                        	SAL	EAX,4
   741 000006EB 03 45 E8                        	ADD	EAX,DWORD [-24+EBP]
   742 000006EE 50                              	PUSH	EAX
   743 000006EF 0F BE 45 F3                     	MOVSX	EAX,BYTE [-13+EBP]
   744 000006F3 50                              	PUSH	EAX
   745 000006F4 FF 75 14                        	PUSH	DWORD [20+EBP]
   746 000006F7 FF 75 10                        	PUSH	DWORD [16+EBP]
   747 000006FA FF 75 0C                        	PUSH	DWORD [12+EBP]
   748 000006FD FF 75 08                        	PUSH	DWORD [8+EBP]
   749 00000700 E8 FFFFFE0C                     	CALL	_putfont8
   750 00000705 83 C4 18                        	ADD	ESP,24
   751 00000708 EB CC                           	JMP	L79
   752 0000070A                                 L75:
   753 0000070A 8D 42 7F                        	LEA	EAX,DWORD [127+EDX]
   754 0000070D 3C 1E                           	CMP	AL,30
   755 0000070F 0F 87 0000008A                  	JA	L80
   756 00000715 0F B6 C2                        	MOVZX	EAX,DL
   757 00000718 8D 8C 00 FFFFFEFE               	LEA	ECX,DWORD [-258+EAX+EAX*1]
   758 0000071F                                 L81:
   759 0000071F 8A 17                           	MOV	DL,BYTE [EDI]
   760 00000721 8D 42 C0                        	LEA	EAX,DWORD [-64+EDX]
   761 00000724 3C 3E                           	CMP	AL,62
   762 00000726 77 5D                           	JA	L82
   763 00000728 0F B6 C2                        	MOVZX	EAX,DL
   764 0000072B 83 E8 40                        	SUB	EAX,64
   765 0000072E                                 L83:
   766 0000072E 6B D9 5E                        	IMUL	EBX,ECX,94
   767 00000731 8B 55 EC                        	MOV	EDX,DWORD [-20+EBP]
   768 00000734 01 C3                           	ADD	EBX,EAX
   769 00000736 C1 E3 05                        	SAL	EBX,5
   770 00000739 C6 82 000000BD 00               	MOV	BYTE [189+EDX],0
   771 00000740 03 5D E8                        	ADD	EBX,DWORD [-24+EBP]
   772 00000743 0F BE 75 F3                     	MOVSX	ESI,BYTE [-13+EBP]
   773 00000747 8D 83 00001000                  	LEA	EAX,DWORD [4096+EBX]
   774 0000074D 81 C3 00001010                  	ADD	EBX,4112
   775 00000753 50                              	PUSH	EAX
   776 00000754 8B 45 10                        	MOV	EAX,DWORD [16+EBP]
   777 00000757 56                              	PUSH	ESI
   778 00000758 83 E8 08                        	SUB	EAX,8
   779 0000075B FF 75 14                        	PUSH	DWORD [20+EBP]
   780 0000075E 50                              	PUSH	EAX
   781 0000075F FF 75 0C                        	PUSH	DWORD [12+EBP]
   782 00000762 FF 75 08                        	PUSH	DWORD [8+EBP]
   783 00000765 E8 FFFFFDA7                     	CALL	_putfont8
   784 0000076A 53                              	PUSH	EBX
   785 0000076B 56                              	PUSH	ESI
   786 0000076C FF 75 14                        	PUSH	DWORD [20+EBP]
   787 0000076F FF 75 10                        	PUSH	DWORD [16+EBP]
   788 00000772 FF 75 0C                        	PUSH	DWORD [12+EBP]
   789 00000775 FF 75 08                        	PUSH	DWORD [8+EBP]
   790 00000778 E8 FFFFFD94                     	CALL	_putfont8
   791 0000077D 83 C4 30                        	ADD	ESP,48
   792 00000780 E9 FFFFFF51                     	JMP	L79
   793 00000785                                 L82:
   794 00000785 8D 42 80                        	LEA	EAX,DWORD [-128+EDX]
   795 00000788 3C 1E                           	CMP	AL,30
   796 0000078A 77 08                           	JA	L84
   797 0000078C 0F B6 C2                        	MOVZX	EAX,DL
   798 0000078F 83 E8 41                        	SUB	EAX,65
   799 00000792 EB 9A                           	JMP	L83
   800 00000794                                 L84:
   801 00000794 0F B6 C2                        	MOVZX	EAX,DL
   802 00000797 2D 0000009F                     	SUB	EAX,159
   803 0000079C 41                              	INC	ECX
   804 0000079D EB 8F                           	JMP	L83
   805 0000079F                                 L80:
   806 0000079F 0F B6 C2                        	MOVZX	EAX,DL
   807 000007A2 8D 8C 00 FFFFFE7E               	LEA	ECX,DWORD [-386+EAX+EAX*1]
   808 000007A9 E9 FFFFFF71                     	JMP	L81
   809 000007AE                                 L69:
   810 000007AE 0F B6 07                        	MOVZX	EAX,BYTE [EDI]
   811 000007B1 C1 E0 04                        	SAL	EAX,4
   812 000007B4 47                              	INC	EDI
   813 000007B5 05 [00000000]                   	ADD	EAX,_hankaku
   814 000007BA 50                              	PUSH	EAX
   815 000007BB 0F BE 45 F3                     	MOVSX	EAX,BYTE [-13+EBP]
   816 000007BF 50                              	PUSH	EAX
   817 000007C0 FF 75 14                        	PUSH	DWORD [20+EBP]
   818 000007C3 FF 75 10                        	PUSH	DWORD [16+EBP]
   819 000007C6 FF 75 0C                        	PUSH	DWORD [12+EBP]
   820 000007C9 FF 75 08                        	PUSH	DWORD [8+EBP]
   821 000007CC E8 FFFFFD40                     	CALL	_putfont8
   822 000007D1 83 C4 18                        	ADD	ESP,24
   823 000007D4 83 45 10 08                     	ADD	DWORD [16+EBP],8
   824 000007D8 80 3F 00                        	CMP	BYTE [EDI],0
   825 000007DB 75 D1                           	JNE	L69
   826 000007DD E9 FFFFFDEA                     	JMP	L64
   827                                          [SECTION .data]
   828 00000030                                 _cursor.1:
   829 00000030 2A 2A 2E 2E 2E 2E 2E 2E 2E 2E   	DB	"**.............."
       0000003A 2E 2E 2E 2E 2E 2E 
   830 00000040 2A 4F 2A 2E 2E 2E 2E 2E 2E 2E   	DB	"*O*............."
       0000004A 2E 2E 2E 2E 2E 2E 
   831 00000050 2A 4F 4F 2A 2E 2E 2E 2E 2E 2E   	DB	"*OO*............"
       0000005A 2E 2E 2E 2E 2E 2E 
   832 00000060 2A 4F 4F 4F 2A 2E 2E 2E 2E 2E   	DB	"*OOO*..........."
       0000006A 2E 2E 2E 2E 2E 2E 
   833 00000070 2A 4F 4F 4F 4F 2A 2E 2E 2E 2E   	DB	"*OOOO*.........."
       0000007A 2E 2E 2E 2E 2E 2E 
   834 00000080 2A 4F 4F 4F 4F 4F 2A 2E 2E 2E   	DB	"*OOOOO*........."
       0000008A 2E 2E 2E 2E 2E 2E 
   835 00000090 2A 4F 4F 4F 4F 4F 4F 2A 2E 2E   	DB	"*OOOOOO*........"
       0000009A 2E 2E 2E 2E 2E 2E 
   836 000000A0 2A 4F 4F 4F 4F 4F 4F 4F 2A 2E   	DB	"*OOOOOOO*......."
       000000AA 2E 2E 2E 2E 2E 2E 
   837 000000B0 2A 4F 4F 4F 4F 4F 4F 4F 4F 2A   	DB	"*OOOOOOOO*......"
       000000BA 2E 2E 2E 2E 2E 2E 
   838 000000C0 2A 4F 4F 4F 4F 4F 4F 4F 4F 4F   	DB	"*OOOOOOOOO*....."
       000000CA 2A 2E 2E 2E 2E 2E 
   839 000000D0 2A 4F 4F 4F 4F 4F 4F 4F 4F 4F   	DB	"*OOOOOOOOOO*...."
       000000DA 4F 2A 2E 2E 2E 2E 
   840 000000E0 2A 4F 4F 4F 2A 2A 4F 4F 2A 2A   	DB	"*OOO**OO****...."
       000000EA 2A 2A 2E 2E 2E 2E 
   841 000000F0 2A 4F 4F 2A 2E 2A 4F 4F 2A 2E   	DB	"*OO*.*OO*......."
       000000FA 2E 2E 2E 2E 2E 2E 
   842 00000100 2A 4F 2A 2E 2E 2E 2A 4F 4F 2A   	DB	"*O*...*OO*......"
       0000010A 2E 2E 2E 2E 2E 2E 
   843 00000110 2A 2A 2E 2E 2E 2E 2A 4F 4F 2A   	DB	"**....*OO*......"
       0000011A 2E 2E 2E 2E 2E 2E 
   844 00000120 2E 2E 2E 2E 2E 2E 2E 2A 2A 2A   	DB	".......***......"
       0000012A 2E 2E 2E 2E 2E 2E 
   845                                          [SECTION .text]
   846 000007E2                                 	GLOBAL	_init_mouse_cursor8
   847 000007E2                                 _init_mouse_cursor8:
   848 000007E2 55                              	PUSH	EBP
   849 000007E3 89 E5                           	MOV	EBP,ESP
   850 000007E5 57                              	PUSH	EDI
   851 000007E6 56                              	PUSH	ESI
   852 000007E7 31 FF                           	XOR	EDI,EDI
   853 000007E9 53                              	PUSH	EBX
   854 000007EA 31 DB                           	XOR	EBX,EBX
   855 000007EC 50                              	PUSH	EAX
   856 000007ED 8A 45 0C                        	MOV	AL,BYTE [12+EBP]
   857 000007F0 8B 75 08                        	MOV	ESI,DWORD [8+EBP]
   858 000007F3 88 45 F3                        	MOV	BYTE [-13+EBP],AL
   859 000007F6                                 L115:
   860 000007F6 31 D2                           	XOR	EDX,EDX
   861 000007F8                                 L114:
   862 000007F8 8D 04 3A                        	LEA	EAX,DWORD [EDX+EDI*1]
   863 000007FB 80 B8 [00000030] 2A             	CMP	BYTE [_cursor.1+EAX],42
   864 00000802 74 35                           	JE	L120
   865 00000804                                 L111:
   866 00000804 80 B8 [00000030] 4F             	CMP	BYTE [_cursor.1+EAX],79
   867 0000080B 74 26                           	JE	L121
   868 0000080D                                 L112:
   869 0000080D 80 B8 [00000030] 2E             	CMP	BYTE [_cursor.1+EAX],46
   870 00000814 74 15                           	JE	L122
   871 00000816                                 L109:
   872 00000816 42                              	INC	EDX
   873 00000817 83 FA 0F                        	CMP	EDX,15
   874 0000081A 7E DC                           	JLE	L114
   875 0000081C 43                              	INC	EBX
   876 0000081D 83 C7 10                        	ADD	EDI,16
   877 00000820 83 FB 0F                        	CMP	EBX,15
   878 00000823 7E D1                           	JLE	L115
   879 00000825 58                              	POP	EAX
   880 00000826 5B                              	POP	EBX
   881 00000827 5E                              	POP	ESI
   882 00000828 5F                              	POP	EDI
   883 00000829 5D                              	POP	EBP
   884 0000082A C3                              	RET
   885 0000082B                                 L122:
   886 0000082B 8A 4D F3                        	MOV	CL,BYTE [-13+EBP]
   887 0000082E 88 0C 30                        	MOV	BYTE [EAX+ESI*1],CL
   888 00000831 EB E3                           	JMP	L109
   889 00000833                                 L121:
   890 00000833 C6 04 30 00                     	MOV	BYTE [EAX+ESI*1],0
   891 00000837 EB D4                           	JMP	L112
   892 00000839                                 L120:
   893 00000839 C6 04 30 07                     	MOV	BYTE [EAX+ESI*1],7
   894 0000083D EB C5                           	JMP	L111
   895 0000083F                                 	GLOBAL	_putblock8_8
   896 0000083F                                 _putblock8_8:
   897 0000083F 55                              	PUSH	EBP
   898 00000840 89 E5                           	MOV	EBP,ESP
   899 00000842 57                              	PUSH	EDI
   900 00000843 56                              	PUSH	ESI
   901 00000844 31 F6                           	XOR	ESI,ESI
   902 00000846 53                              	PUSH	EBX
   903 00000847 83 EC 0C                        	SUB	ESP,12
   904 0000084A 3B 75 14                        	CMP	ESI,DWORD [20+EBP]
   905 0000084D 7D 3E                           	JGE	L135
   906 0000084F 31 FF                           	XOR	EDI,EDI
   907 00000851                                 L133:
   908 00000851 31 DB                           	XOR	EBX,EBX
   909 00000853 3B 5D 10                        	CMP	EBX,DWORD [16+EBP]
   910 00000856 7D 2C                           	JGE	L137
   911 00000858 8B 45 20                        	MOV	EAX,DWORD [32+EBP]
   912 0000085B 01 F8                           	ADD	EAX,EDI
   913 0000085D 89 45 EC                        	MOV	DWORD [-20+EBP],EAX
   914 00000860                                 L132:
   915 00000860 8B 45 1C                        	MOV	EAX,DWORD [28+EBP]
   916 00000863 8B 55 18                        	MOV	EDX,DWORD [24+EBP]
   917 00000866 01 F0                           	ADD	EAX,ESI
   918 00000868 01 DA                           	ADD	EDX,EBX
   919 0000086A 0F AF 45 0C                     	IMUL	EAX,DWORD [12+EBP]
   920 0000086E 01 D0                           	ADD	EAX,EDX
   921 00000870 8B 4D 08                        	MOV	ECX,DWORD [8+EBP]
   922 00000873 8B 55 EC                        	MOV	EDX,DWORD [-20+EBP]
   923 00000876 43                              	INC	EBX
   924 00000877 8A 12                           	MOV	DL,BYTE [EDX]
   925 00000879 88 14 08                        	MOV	BYTE [EAX+ECX*1],DL
   926 0000087C FF 45 EC                        	INC	DWORD [-20+EBP]
   927 0000087F 3B 5D 10                        	CMP	EBX,DWORD [16+EBP]
   928 00000882 7C DC                           	JL	L132
   929 00000884                                 L137:
   930 00000884 46                              	INC	ESI
   931 00000885 03 7D 24                        	ADD	EDI,DWORD [36+EBP]
   932 00000888 3B 75 14                        	CMP	ESI,DWORD [20+EBP]
   933 0000088B 7C C4                           	JL	L133
   934 0000088D                                 L135:
   935 0000088D 83 C4 0C                        	ADD	ESP,12
   936 00000890 5B                              	POP	EBX
   937 00000891 5E                              	POP	ESI
   938 00000892 5F                              	POP	EDI
   939 00000893 5D                              	POP	EBP
   940 00000894 C3                              	RET
